2023-05-18 12:15:52 - hola
2023-05-18 12:17:47 - Has capturado al pokemon :0
2023-05-18 12:19:05 - Has capturado al pokemon :Pokemon{nombre='Metapod', tipo1=BICHO, tipo2=null}
2023-05-18 12:24:30 - Has capturado al pokemon :Pokemon{nombre='Ivisaur', mote='sad', tipo1=PLANTA, tipo2=VENENO}
2023-05-18 12:24:33 - Has capturado al pokemon :Pokemon{nombre='Beedrill', mote='', tipo1=BICHO, tipo2=VENENO}
2023-05-18 12:40:16 - Has capturado al pokemon :Pokemon{nombre='Bulbasur', mote='sad', tipo1=PLANTA, tipo2=VENENO}
2023-05-18 12:40:21 - Has capturado al pokemon :Pokemon{nombre='Blastoise', mote='asd', tipo1=AGUA, tipo2=null}
2023-05-18 12:40:25 - Has capturado al pokemon :Pokemon{nombre='Caterpie', mote='asd', tipo1=BICHO, tipo2=null}
2023-05-18 12:50:25 - Has capturado al pokemon :Pokemon{nombre='Pidgeot', mote='sasd', tipo1=NORMAL, tipo2=VOLADOR, nivel=21}
2023-05-18 12:50:29 - Has capturado al pokemon :Pokemon{nombre='Butterfree', mote='sad', tipo1=BICHO, tipo2=VOLADOR, nivel=21}
2023-05-18 12:51:46 - Has capturado al pokemon :Pokemon{nombre='Beedrill', mote='sad', tipo1=BICHO, tipo2=VENENO, nivel=1}
2023-05-18 12:54:12 - Has capturado al pokemon :Pokemon{nombre='Kakuna', mote='sad', tipo1=BICHO, tipo2=VENENO, nivel=1}
2023-05-18 12:54:12 - Pokemon no capturado
2023-05-18 12:54:25 - Has capturado al pokemon :Pokemon{nombre='Charmander', mote='sad', tipo1=FUEGO, tipo2=null, nivel=1}
2023-05-18 12:54:25 - Pokemon no capturado
2023-05-18 12:54:25 - Pokemon no capturado
2023-05-18 12:54:29 - Pokemon no capturado
2023-05-18 12:54:30 - Pokemon no capturado
2023-05-18 12:54:31 - Has capturado al pokemon :Pokemon{nombre='Bulbasur', mote='', tipo1=PLANTA, tipo2=VENENO, nivel=1}
2023-05-18 12:54:31 - Pokemon no capturado
2023-05-18 12:54:32 - Pokemon no capturado
2023-05-18 12:54:33 - Sin pokeballs
2023-05-18 12:54:33 - Pokemon no capturado
2023-05-18 12:54:33 - Sin pokeballs
2023-05-18 12:54:33 - Pokemon no capturado
2023-05-18 12:54:34 - Sin pokeballs
2023-05-18 12:54:34 - Pokemon no capturado
2023-05-18 12:54:34 - Sin pokeballs
2023-05-18 12:54:34 - Pokemon no capturado
2023-05-18 12:54:34 - Sin pokeballs
2023-05-18 12:54:34 - Pokemon no capturado
2023-05-19 10:17:48 - Has capturado al pokemon :Pokemon{nombre='Charmander', mote='sad'}
2023-05-19 10:17:55 - Has capturado al pokemon :Pokemon{nombre='Charmeleon', mote='los'}
2023-05-19 10:45:17 - Has capturado al pokemon :Pokemon{nombre='Pidgeotto', mote='asd'}
2023-05-19 12:06:36 - Has capturado al pokemon :Pokemon{nombre='Venusaur', mote='sad'}
2023-05-19 12:06:37 - Has capturado al pokemon :Pokemon{nombre='Squirtle', mote='asd'}
2023-05-19 12:06:39 - Has capturado al pokemon :Pokemon{nombre='Charmeleon', mote=''}
2023-05-19 12:06:42 - Has capturado al pokemon :Pokemon{nombre='Pidgeotto', mote=''}
2023-05-19 12:06:43 - Has capturado al pokemon :Pokemon{nombre='Caterpie', mote=''}
2023-05-19 12:06:44 - Has capturado al pokemon :Pokemon{nombre='Beedrill', mote=''}
2023-05-19 12:14:46 - Has capturado al pokemon :Pokemon{nombre='Charmander', mote='sasd'}
2023-05-19 12:16:47 - Has capturado al pokemon :Pokemon{nombre='Ivisaur', mote='sad'}
2023-05-19 12:17:25 - Has capturado al pokemon :Pokemon{nombre='Bulbasur', mote='sasd'}
2023-05-19 12:17:27 - Has capturado al pokemon :Pokemon{nombre='Pidgeot', mote='asd'}
2023-05-19 12:17:29 - Has capturado al pokemon :Pokemon{nombre='Blastoise', mote=''}
2023-05-19 12:17:31 - Has capturado al pokemon :Pokemon{nombre='Charmander', mote=''}
2023-05-19 12:17:33 - Has capturado al pokemon :Pokemon{nombre='Venusaur', mote=''}
2023-05-19 12:17:34 - Has capturado al pokemon :Pokemon{nombre='Pidgeot', mote=''}
2023-05-19 12:23:14 - Has capturado al pokemon :Pokemon{nombre='Charmander', mote=''}
2023-05-19 12:23:16 - Has capturado al pokemon :Pokemon{nombre='Rattata', mote=''}
2023-05-19 12:49:52 - Has capturado al pokemon :Pokemon{nombre='Wartortle', mote='sad'}
2023-05-19 12:49:54 - Has capturado al pokemon :Pokemon{nombre='Metapod', mote=''}
2023-05-19 12:49:55 - Has capturado al pokemon :Pokemon{nombre='Blastoise', mote=''}
2023-05-19 12:49:58 - Has capturado al pokemon :Pokemon{nombre='Pidgeotto', mote=''}
2023-05-19 12:49:59 - Has capturado al pokemon :Pokemon{nombre='Weedle', mote=''}
2023-05-19 12:54:32 - Has capturado al pokemon :Pokemon{nombre='Ivisaur', mote=''}
2023-05-19 13:43:21 - Has capturado al pokemon :Pokemon{nombre='Pidgey', mote='sa'}
2023-05-19 14:00:01 - Has capturado al pokemon :Pokemon{nombre='Blastoise', mote='sad'}
2023-05-19 16:42:36 - Has capturado al pokemon :Pokemon{nombre='Squirtle', mote='mikel'}
2023-05-19 16:42:51 - Has capturado al pokemon :Pokemon{nombre='Butterfree', mote='rugren'}
2023-05-19 16:43:04 - Has capturado al pokemon :Pokemon{nombre='Kakuna', mote='paco'}
2023-05-19 16:43:11 - Has capturado al pokemon :Pokemon{nombre='Wartortle', mote='manolo'}
2023-05-19 17:40:02 - Has capturado al pokemon :Pokemon{nombre='Butterfree', mote=''}
2023-05-19 17:40:04 - Has capturado al pokemon :Pokemon{nombre='Charmeleon', mote=''}
2023-05-19 17:40:05 - Has capturado al pokemon :Pokemon{nombre='Kakuna', mote=''}
2023-05-19 17:43:16 - Has capturado al pokemon :Pokemon{nombre='Charizard', mote='mikelito', tipo1=FUEGO, tipo2=VOLADOR, nivel=1}
2023-05-19 17:43:19 - Has capturado al pokemon :Pokemon{nombre='Charmander', mote='', tipo1=FUEGO, tipo2=null, nivel=1}
2023-05-19 17:43:21 - Has capturado al pokemon :Pokemon{nombre='Beedrill', mote='', tipo1=BICHO, tipo2=VENENO, nivel=1}
2023-05-19 17:43:31 - Has capturado al pokemon :Pokemon{nombre='Charmeleon', mote='', tipo1=FUEGO, tipo2=null, nivel=1}
2023-05-19 17:57:56 - Has capturado al pokemon :Pokemon{nombre='Kakuna', mote='mikel', tipo1=BICHO, tipo2=VENENO, nivel=1}
2023-05-19 17:58:03 - Has capturado al pokemon :Pokemon{nombre='Bulbasur', mote='ruben', tipo1=PLANTA, tipo2=VENENO, nivel=1}
2023-05-19 18:03:16 - Has capturado al pokemon :Pokemon{nombre='Blastoise', mote='mikel', tipo1=AGUA, tipo2=null, nivel=1}
2023-05-19 18:03:51 - Has capturado al pokemon :Pokemon{nombre='Rattata', mote='ruben', tipo1=NORMAL, tipo2=null, nivel=1}
2023-05-19 18:03:55 - Has capturado al pokemon :Pokemon{nombre='Squirtle', mote='mikel2', tipo1=AGUA, tipo2=null, nivel=1}
